[INFO  - 2017-04-09T06:46:31.465Z] GhostDriver - Main - running on port 62624
[INFO  - 2017-04-09T06:46:32.499Z] Session [447e34e0-1cf0-11e7-88be-335f5a2c08f6] - page.settings - {"XSSAuditingEnabled":false,"javascriptCanCloseWindows":true,"javascriptCanOpenWindows":true,"javascriptEnabled":true,"loadImages":true,"localToRemoteUrlAccessEnabled":false,"userAgent":"Mozilla/5.0 (Windows NT 6.1; WOW64) AppleWebKit/538.1 (KHTML, like Gecko) PhantomJS/2.1.1 Safari/538.1","webSecurityEnabled":true}
[INFO  - 2017-04-09T06:46:32.499Z] Session [447e34e0-1cf0-11e7-88be-335f5a2c08f6] - page.customHeaders:  - {}
[INFO  - 2017-04-09T06:46:32.499Z] Session [447e34e0-1cf0-11e7-88be-335f5a2c08f6] - Session.negotiatedCapabilities - {"browserName":"phantomjs","version":"2.1.1","driverName":"ghostdriver","driverVersion":"1.2.0","platform":"windows-7-32bit","javascriptEnabled":true,"takesScreenshot":true,"handlesAlerts":false,"databaseEnabled":false,"locationContextEnabled":false,"applicationCacheEnabled":false,"browserConnectionEnabled":false,"cssSelectorsEnabled":true,"webStorageEnabled":false,"rotatable":false,"acceptSslCerts":false,"nativeEvents":true,"proxy":{"proxyType":"direct"}}
[INFO  - 2017-04-09T06:46:32.500Z] SessionManagerReqHand - _postNewSessionCommand - New Session Created: 447e34e0-1cf0-11e7-88be-335f5a2c08f6
[ERROR - 2017-04-09T06:46:45.625Z] WebElementLocator - _handleLocateCommand - Element(s) NOT Found: GAVE UP. Search Stop Time: 1491720405584

  phantomjs://platform/console++.js:263 in error
[ERROR - 2017-04-09T06:46:46.481Z] WebElementLocator - _handleLocateCommand - Element(s) NOT Found: GAVE UP. Search Stop Time: 1491720406431

  phantomjs://platform/console++.js:263 in error
[ERROR - 2017-04-09T06:46:47.310Z] WebElementLocator - _handleLocateCommand - Element(s) NOT Found: GAVE UP. Search Stop Time: 1491720407257

  phantomjs://platform/console++.js:263 in error
[ERROR - 2017-04-09T06:46:48.135Z] WebElementLocator - _handleLocateCommand - Element(s) NOT Found: GAVE UP. Search Stop Time: 1491720408090

  phantomjs://platform/console++.js:263 in error
[ERROR - 2017-04-09T06:46:48.962Z] WebElementLocator - _handleLocateCommand - Element(s) NOT Found: GAVE UP. Search Stop Time: 1491720408914

  phantomjs://platform/console++.js:263 in error
[ERROR - 2017-04-09T06:46:49.774Z] WebElementLocator - _handleLocateCommand - Element(s) NOT Found: GAVE UP. Search Stop Time: 1491720409732

  phantomjs://platform/console++.js:263 in error
[ERROR - 2017-04-09T06:46:50.592Z] WebElementLocator - _handleLocateCommand - Element(s) NOT Found: GAVE UP. Search Stop Time: 1491720410554

  phantomjs://platform/console++.js:263 in error
[ERROR - 2017-04-09T06:46:51.411Z] WebElementLocator - _handleLocateCommand - Element(s) NOT Found: GAVE UP. Search Stop Time: 1491720411359

  phantomjs://platform/console++.js:263 in error
[ERROR - 2017-04-09T06:46:52.239Z] WebElementLocator - _handleLocateCommand - Element(s) NOT Found: GAVE UP. Search Stop Time: 1491720412185

  phantomjs://platform/console++.js:263 in error
[ERROR - 2017-04-09T06:46:53.064Z] WebElementLocator - _handleLocateCommand - Element(s) NOT Found: GAVE UP. Search Stop Time: 1491720413020

  phantomjs://platform/console++.js:263 in error
[ERROR - 2017-04-09T06:46:53.894Z] WebElementLocator - _handleLocateCommand - Element(s) NOT Found: GAVE UP. Search Stop Time: 1491720413837

  phantomjs://platform/console++.js:263 in error
[ERROR - 2017-04-09T06:46:54.719Z] WebElementLocator - _handleLocateCommand - Element(s) NOT Found: GAVE UP. Search Stop Time: 1491720414668

  phantomjs://platform/console++.js:263 in error
[ERROR - 2017-04-09T06:46:55.547Z] WebElementLocator - _handleLocateCommand - Element(s) NOT Found: GAVE UP. Search Stop Time: 1491720415492

  phantomjs://platform/console++.js:263 in error
[ERROR - 2017-04-09T06:46:56.371Z] WebElementLocator - _handleLocateCommand - Element(s) NOT Found: GAVE UP. Search Stop Time: 1491720416326

  phantomjs://platform/console++.js:263 in error
[ERROR - 2017-04-09T06:46:57.199Z] WebElementLocator - _handleLocateCommand - Element(s) NOT Found: GAVE UP. Search Stop Time: 1491720417142

  phantomjs://platform/console++.js:263 in error
[ERROR - 2017-04-09T06:46:58.010Z] WebElementLocator - _handleLocateCommand - Element(s) NOT Found: GAVE UP. Search Stop Time: 1491720417965

  phantomjs://platform/console++.js:263 in error
[ERROR - 2017-04-09T06:46:58.838Z] WebElementLocator - _handleLocateCommand - Element(s) NOT Found: GAVE UP. Search Stop Time: 1491720418788

  phantomjs://platform/console++.js:263 in error
[ERROR - 2017-04-09T06:46:59.655Z] WebElementLocator - _handleLocateCommand - Element(s) NOT Found: GAVE UP. Search Stop Time: 1491720419615

  phantomjs://platform/console++.js:263 in error
[ERROR - 2017-04-09T06:47:00.474Z] WebElementLocator - _handleLocateCommand - Element(s) NOT Found: GAVE UP. Search Stop Time: 1491720420423

  phantomjs://platform/console++.js:263 in error
[ERROR - 2017-04-09T06:47:01.302Z] WebElementLocator - _handleLocateCommand - Element(s) NOT Found: GAVE UP. Search Stop Time: 1491720421253

  phantomjs://platform/console++.js:263 in error
[ERROR - 2017-04-09T06:47:02.144Z] WebElementLocator - _handleLocateCommand - Element(s) NOT Found: GAVE UP. Search Stop Time: 1491720422089

  phantomjs://platform/console++.js:263 in error
[ERROR - 2017-04-09T06:47:02.955Z] WebElementLocator - _handleLocateCommand - Element(s) NOT Found: GAVE UP. Search Stop Time: 1491720422909

  phantomjs://platform/console++.js:263 in error
[ERROR - 2017-04-09T06:47:03.782Z] WebElementLocator - _handleLocateCommand - Element(s) NOT Found: GAVE UP. Search Stop Time: 1491720423730

  phantomjs://platform/console++.js:263 in error
[ERROR - 2017-04-09T06:47:04.608Z] WebElementLocator - _handleLocateCommand - Element(s) NOT Found: GAVE UP. Search Stop Time: 1491720424560

  phantomjs://platform/console++.js:263 in error
[ERROR - 2017-04-09T06:47:05.436Z] WebElementLocator - _handleLocateCommand - Element(s) NOT Found: GAVE UP. Search Stop Time: 1491720425385

  phantomjs://platform/console++.js:263 in error
[ERROR - 2017-04-09T06:47:06.262Z] WebElementLocator - _handleLocateCommand - Element(s) NOT Found: GAVE UP. Search Stop Time: 1491720426210

  phantomjs://platform/console++.js:263 in error
[ERROR - 2017-04-09T06:47:07.089Z] WebElementLocator - _handleLocateCommand - Element(s) NOT Found: GAVE UP. Search Stop Time: 1491720427044

  phantomjs://platform/console++.js:263 in error
[ERROR - 2017-04-09T06:47:07.900Z] WebElementLocator - _handleLocateCommand - Element(s) NOT Found: GAVE UP. Search Stop Time: 1491720427861

  phantomjs://platform/console++.js:263 in error
[ERROR - 2017-04-09T06:47:08.702Z] WebElementLocator - _handleLocateCommand - Element(s) NOT Found: GAVE UP. Search Stop Time: 1491720428667

  phantomjs://platform/console++.js:263 in error
[ERROR - 2017-04-09T06:47:09.522Z] WebElementLocator - _handleLocateCommand - Element(s) NOT Found: GAVE UP. Search Stop Time: 1491720429470

  phantomjs://platform/console++.js:263 in error
[ERROR - 2017-04-09T06:47:10.337Z] WebElementLocator - _handleLocateCommand - Element(s) NOT Found: GAVE UP. Search Stop Time: 1491720430290

  phantomjs://platform/console++.js:263 in error
[ERROR - 2017-04-09T06:47:11.161Z] WebElementLocator - _handleLocateCommand - Element(s) NOT Found: GAVE UP. Search Stop Time: 1491720431103

  phantomjs://platform/console++.js:263 in error
[ERROR - 2017-04-09T06:47:11.988Z] WebElementLocator - _handleLocateCommand - Element(s) NOT Found: GAVE UP. Search Stop Time: 1491720431945

  phantomjs://platform/console++.js:263 in error
[ERROR - 2017-04-09T06:47:12.814Z] WebElementLocator - _handleLocateCommand - Element(s) NOT Found: GAVE UP. Search Stop Time: 1491720432765

  phantomjs://platform/console++.js:263 in error
[ERROR - 2017-04-09T06:47:13.641Z] WebElementLocator - _handleLocateCommand - Element(s) NOT Found: GAVE UP. Search Stop Time: 1491720433594

  phantomjs://platform/console++.js:263 in error
[ERROR - 2017-04-09T06:47:14.484Z] WebElementLocator - _handleLocateCommand - Element(s) NOT Found: GAVE UP. Search Stop Time: 1491720434428

  phantomjs://platform/console++.js:263 in error
[ERROR - 2017-04-09T06:47:15.328Z] WebElementLocator - _handleLocateCommand - Element(s) NOT Found: GAVE UP. Search Stop Time: 1491720435270

  phantomjs://platform/console++.js:263 in error
[ERROR - 2017-04-09T06:47:16.151Z] WebElementLocator - _handleLocateCommand - Element(s) NOT Found: GAVE UP. Search Stop Time: 1491720436109

  phantomjs://platform/console++.js:263 in error
[ERROR - 2017-04-09T06:47:16.922Z] WebElementLocator - _handleLocateCommand - Element(s) NOT Found: GAVE UP. Search Stop Time: 1491720436920

  phantomjs://platform/console++.js:263 in error
[ERROR - 2017-04-09T06:47:17.744Z] WebElementLocator - _handleLocateCommand - Element(s) NOT Found: GAVE UP. Search Stop Time: 1491720437688

  phantomjs://platform/console++.js:263 in error
[ERROR - 2017-04-09T06:47:18.555Z] WebElementLocator - _handleLocateCommand - Element(s) NOT Found: GAVE UP. Search Stop Time: 1491720438511

  phantomjs://platform/console++.js:263 in error
[ERROR - 2017-04-09T06:47:19.382Z] WebElementLocator - _handleLocateCommand - Element(s) NOT Found: GAVE UP. Search Stop Time: 1491720439326

  phantomjs://platform/console++.js:263 in error
[ERROR - 2017-04-09T06:47:20.193Z] WebElementLocator - _handleLocateCommand - Element(s) NOT Found: GAVE UP. Search Stop Time: 1491720440149

  phantomjs://platform/console++.js:263 in error
[ERROR - 2017-04-09T06:47:21.021Z] WebElementLocator - _handleLocateCommand - Element(s) NOT Found: GAVE UP. Search Stop Time: 1491720440962

  phantomjs://platform/console++.js:263 in error
[ERROR - 2017-04-09T06:47:21.839Z] WebElementLocator - _handleLocateCommand - Element(s) NOT Found: GAVE UP. Search Stop Time: 1491720441794

  phantomjs://platform/console++.js:263 in error
[ERROR - 2017-04-09T06:47:22.661Z] WebElementLocator - _handleLocateCommand - Element(s) NOT Found: GAVE UP. Search Stop Time: 1491720442610

  phantomjs://platform/console++.js:263 in error
[ERROR - 2017-04-09T06:47:23.485Z] WebElementLocator - _handleLocateCommand - Element(s) NOT Found: GAVE UP. Search Stop Time: 1491720443434

  phantomjs://platform/console++.js:263 in error
[ERROR - 2017-04-09T06:47:24.312Z] WebElementLocator - _handleLocateCommand - Element(s) NOT Found: GAVE UP. Search Stop Time: 1491720444260

  phantomjs://platform/console++.js:263 in error
[ERROR - 2017-04-09T06:47:25.140Z] WebElementLocator - _handleLocateCommand - Element(s) NOT Found: GAVE UP. Search Stop Time: 1491720445086

  phantomjs://platform/console++.js:263 in error
[ERROR - 2017-04-09T06:47:25.949Z] WebElementLocator - _handleLocateCommand - Element(s) NOT Found: GAVE UP. Search Stop Time: 1491720445904

  phantomjs://platform/console++.js:263 in error
[ERROR - 2017-04-09T06:47:26.761Z] WebElementLocator - _handleLocateCommand - Element(s) NOT Found: GAVE UP. Search Stop Time: 1491720446714

  phantomjs://platform/console++.js:263 in error
[ERROR - 2017-04-09T06:47:27.573Z] WebElementLocator - _handleLocateCommand - Element(s) NOT Found: GAVE UP. Search Stop Time: 1491720447528

  phantomjs://platform/console++.js:263 in error
[ERROR - 2017-04-09T06:47:28.400Z] WebElementLocator - _handleLocateCommand - Element(s) NOT Found: GAVE UP. Search Stop Time: 1491720448354

  phantomjs://platform/console++.js:263 in error
[ERROR - 2017-04-09T06:47:29.226Z] WebElementLocator - _handleLocateCommand - Element(s) NOT Found: GAVE UP. Search Stop Time: 1491720449175

  phantomjs://platform/console++.js:263 in error
[ERROR - 2017-04-09T06:47:30.053Z] WebElementLocator - _handleLocateCommand - Element(s) NOT Found: GAVE UP. Search Stop Time: 1491720450005

  phantomjs://platform/console++.js:263 in error
[ERROR - 2017-04-09T06:47:30.881Z] WebElementLocator - _handleLocateCommand - Element(s) NOT Found: GAVE UP. Search Stop Time: 1491720450825

  phantomjs://platform/console++.js:263 in error
[ERROR - 2017-04-09T06:47:31.707Z] WebElementLocator - _handleLocateCommand - Element(s) NOT Found: GAVE UP. Search Stop Time: 1491720451656

  phantomjs://platform/console++.js:263 in error
[ERROR - 2017-04-09T06:47:32.533Z] WebElementLocator - _handleLocateCommand - Element(s) NOT Found: GAVE UP. Search Stop Time: 1491720452482

  phantomjs://platform/console++.js:263 in error
[ERROR - 2017-04-09T06:47:33.360Z] WebElementLocator - _handleLocateCommand - Element(s) NOT Found: GAVE UP. Search Stop Time: 1491720453312

  phantomjs://platform/console++.js:263 in error
[ERROR - 2017-04-09T06:47:34.187Z] WebElementLocator - _handleLocateCommand - Element(s) NOT Found: GAVE UP. Search Stop Time: 1491720454136

  phantomjs://platform/console++.js:263 in error
[ERROR - 2017-04-09T06:47:35.014Z] WebElementLocator - _handleLocateCommand - Element(s) NOT Found: GAVE UP. Search Stop Time: 1491720454963

  phantomjs://platform/console++.js:263 in error
[ERROR - 2017-04-09T06:47:35.842Z] WebElementLocator - _handleLocateCommand - Element(s) NOT Found: GAVE UP. Search Stop Time: 1491720455790

  phantomjs://platform/console++.js:263 in error
[ERROR - 2017-04-09T06:47:36.668Z] WebElementLocator - _handleLocateCommand - Element(s) NOT Found: GAVE UP. Search Stop Time: 1491720456619

  phantomjs://platform/console++.js:263 in error
[ERROR - 2017-04-09T06:47:37.493Z] WebElementLocator - _handleLocateCommand - Element(s) NOT Found: GAVE UP. Search Stop Time: 1491720457443

  phantomjs://platform/console++.js:263 in error
[ERROR - 2017-04-09T06:47:38.322Z] WebElementLocator - _handleLocateCommand - Element(s) NOT Found: GAVE UP. Search Stop Time: 1491720458270

  phantomjs://platform/console++.js:263 in error
[ERROR - 2017-04-09T06:47:39.149Z] WebElementLocator - _handleLocateCommand - Element(s) NOT Found: GAVE UP. Search Stop Time: 1491720459099

  phantomjs://platform/console++.js:263 in error
[ERROR - 2017-04-09T06:47:39.975Z] WebElementLocator - _handleLocateCommand - Element(s) NOT Found: GAVE UP. Search Stop Time: 1491720459922

  phantomjs://platform/console++.js:263 in error
[ERROR - 2017-04-09T06:47:40.801Z] WebElementLocator - _handleLocateCommand - Element(s) NOT Found: GAVE UP. Search Stop Time: 1491720460753

  phantomjs://platform/console++.js:263 in error
[ERROR - 2017-04-09T06:47:41.628Z] WebElementLocator - _handleLocateCommand - Element(s) NOT Found: GAVE UP. Search Stop Time: 1491720461578

  phantomjs://platform/console++.js:263 in error
[ERROR - 2017-04-09T06:47:42.454Z] WebElementLocator - _handleLocateCommand - Element(s) NOT Found: GAVE UP. Search Stop Time: 1491720462401

  phantomjs://platform/console++.js:263 in error
[ERROR - 2017-04-09T06:47:43.281Z] WebElementLocator - _handleLocateCommand - Element(s) NOT Found: GAVE UP. Search Stop Time: 1491720463227

  phantomjs://platform/console++.js:263 in error
[ERROR - 2017-04-09T06:47:44.123Z] WebElementLocator - _handleLocateCommand - Element(s) NOT Found: GAVE UP. Search Stop Time: 1491720464077

  phantomjs://platform/console++.js:263 in error
[ERROR - 2017-04-09T06:47:44.951Z] WebElementLocator - _handleLocateCommand - Element(s) NOT Found: GAVE UP. Search Stop Time: 1491720464895

  phantomjs://platform/console++.js:263 in error
[ERROR - 2017-04-09T06:47:45.779Z] WebElementLocator - _handleLocateCommand - Element(s) NOT Found: GAVE UP. Search Stop Time: 1491720465733

  phantomjs://platform/console++.js:263 in error
[ERROR - 2017-04-09T06:47:46.620Z] WebElementLocator - _handleLocateCommand - Element(s) NOT Found: GAVE UP. Search Stop Time: 1491720466570

  phantomjs://platform/console++.js:263 in error
[ERROR - 2017-04-09T06:47:47.447Z] WebElementLocator - _handleLocateCommand - Element(s) NOT Found: GAVE UP. Search Stop Time: 1491720467399

  phantomjs://platform/console++.js:263 in error
[ERROR - 2017-04-09T06:47:48.275Z] WebElementLocator - _handleLocateCommand - Element(s) NOT Found: GAVE UP. Search Stop Time: 1491720468224

  phantomjs://platform/console++.js:263 in error
[ERROR - 2017-04-09T06:47:49.102Z] WebElementLocator - _handleLocateCommand - Element(s) NOT Found: GAVE UP. Search Stop Time: 1491720469047

  phantomjs://platform/console++.js:263 in error
[ERROR - 2017-04-09T06:47:49.910Z] WebElementLocator - _handleLocateCommand - Element(s) NOT Found: GAVE UP. Search Stop Time: 1491720469864

  phantomjs://platform/console++.js:263 in error
[ERROR - 2017-04-09T06:47:50.722Z] WebElementLocator - _handleLocateCommand - Element(s) NOT Found: GAVE UP. Search Stop Time: 1491720470676

  phantomjs://platform/console++.js:263 in error
[ERROR - 2017-04-09T06:47:51.533Z] WebElementLocator - _handleLocateCommand - Element(s) NOT Found: GAVE UP. Search Stop Time: 1491720471487

  phantomjs://platform/console++.js:263 in error
[ERROR - 2017-04-09T06:47:52.346Z] WebElementLocator - _handleLocateCommand - Element(s) NOT Found: GAVE UP. Search Stop Time: 1491720472298

  phantomjs://platform/console++.js:263 in error
[ERROR - 2017-04-09T06:47:53.157Z] WebElementLocator - _handleLocateCommand - Element(s) NOT Found: GAVE UP. Search Stop Time: 1491720473111

  phantomjs://platform/console++.js:263 in error
[ERROR - 2017-04-09T06:47:53.983Z] WebElementLocator - _handleLocateCommand - Element(s) NOT Found: GAVE UP. Search Stop Time: 1491720473931

  phantomjs://platform/console++.js:263 in error
[ERROR - 2017-04-09T06:47:54.827Z] WebElementLocator - _handleLocateCommand - Element(s) NOT Found: GAVE UP. Search Stop Time: 1491720474768

  phantomjs://platform/console++.js:263 in error
[ERROR - 2017-04-09T06:47:55.652Z] WebElementLocator - _handleLocateCommand - Element(s) NOT Found: GAVE UP. Search Stop Time: 1491720475601

  phantomjs://platform/console++.js:263 in error
[ERROR - 2017-04-09T06:47:56.479Z] WebElementLocator - _handleLocateCommand - Element(s) NOT Found: GAVE UP. Search Stop Time: 1491720476427

  phantomjs://platform/console++.js:263 in error
[ERROR - 2017-04-09T06:47:57.305Z] WebElementLocator - _handleLocateCommand - Element(s) NOT Found: GAVE UP. Search Stop Time: 1491720477254

  phantomjs://platform/console++.js:263 in error
[ERROR - 2017-04-09T06:47:58.135Z] WebElementLocator - _handleLocateCommand - Element(s) NOT Found: GAVE UP. Search Stop Time: 1491720478081

  phantomjs://platform/console++.js:263 in error
[ERROR - 2017-04-09T06:47:58.959Z] WebElementLocator - _handleLocateCommand - Element(s) NOT Found: GAVE UP. Search Stop Time: 1491720478903

  phantomjs://platform/console++.js:263 in error
[ERROR - 2017-04-09T06:47:59.770Z] WebElementLocator - _handleLocateCommand - Element(s) NOT Found: GAVE UP. Search Stop Time: 1491720479724

  phantomjs://platform/console++.js:263 in error
[ERROR - 2017-04-09T06:48:00.582Z] WebElementLocator - _handleLocateCommand - Element(s) NOT Found: GAVE UP. Search Stop Time: 1491720480536

  phantomjs://platform/console++.js:263 in error
[ERROR - 2017-04-09T06:48:01.410Z] WebElementLocator - _handleLocateCommand - Element(s) NOT Found: GAVE UP. Search Stop Time: 1491720481357

  phantomjs://platform/console++.js:263 in error
[ERROR - 2017-04-09T06:48:02.220Z] WebElementLocator - _handleLocateCommand - Element(s) NOT Found: GAVE UP. Search Stop Time: 1491720482184

  phantomjs://platform/console++.js:263 in error
[ERROR - 2017-04-09T06:48:03.046Z] WebElementLocator - _handleLocateCommand - Element(s) NOT Found: GAVE UP. Search Stop Time: 1491720482990

  phantomjs://platform/console++.js:263 in error
[ERROR - 2017-04-09T06:48:03.874Z] WebElementLocator - _handleLocateCommand - Element(s) NOT Found: GAVE UP. Search Stop Time: 1491720483819

  phantomjs://platform/console++.js:263 in error
[ERROR - 2017-04-09T06:48:04.701Z] WebElementLocator - _handleLocateCommand - Element(s) NOT Found: GAVE UP. Search Stop Time: 1491720484649

  phantomjs://platform/console++.js:263 in error
[ERROR - 2017-04-09T06:48:05.542Z] WebElementLocator - _handleLocateCommand - Element(s) NOT Found: GAVE UP. Search Stop Time: 1491720485491

  phantomjs://platform/console++.js:263 in error
[ERROR - 2017-04-09T06:48:06.369Z] WebElementLocator - _handleLocateCommand - Element(s) NOT Found: GAVE UP. Search Stop Time: 1491720486314

  phantomjs://platform/console++.js:263 in error
[ERROR - 2017-04-09T06:48:07.181Z] WebElementLocator - _handleLocateCommand - Element(s) NOT Found: GAVE UP. Search Stop Time: 1491720487141

  phantomjs://platform/console++.js:263 in error
[ERROR - 2017-04-09T06:48:07.991Z] WebElementLocator - _handleLocateCommand - Element(s) NOT Found: GAVE UP. Search Stop Time: 1491720487947

  phantomjs://platform/console++.js:263 in error
[ERROR - 2017-04-09T06:48:08.803Z] WebElementLocator - _handleLocateCommand - Element(s) NOT Found: GAVE UP. Search Stop Time: 1491720488758

  phantomjs://platform/console++.js:263 in error
[ERROR - 2017-04-09T06:48:09.630Z] WebElementLocator - _handleLocateCommand - Element(s) NOT Found: GAVE UP. Search Stop Time: 1491720489574

  phantomjs://platform/console++.js:263 in error
[ERROR - 2017-04-09T06:48:10.450Z] WebElementLocator - _handleLocateCommand - Element(s) NOT Found: GAVE UP. Search Stop Time: 1491720490407

  phantomjs://platform/console++.js:263 in error
[ERROR - 2017-04-09T06:48:11.269Z] WebElementLocator - _handleLocateCommand - Element(s) NOT Found: GAVE UP. Search Stop Time: 1491720491224

  phantomjs://platform/console++.js:263 in error
[ERROR - 2017-04-09T06:48:12.111Z] WebElementLocator - _handleLocateCommand - Element(s) NOT Found: GAVE UP. Search Stop Time: 1491720492057

  phantomjs://platform/console++.js:263 in error
[ERROR - 2017-04-09T06:48:12.938Z] WebElementLocator - _handleLocateCommand - Element(s) NOT Found: GAVE UP. Search Stop Time: 1491720492886

  phantomjs://platform/console++.js:263 in error
[ERROR - 2017-04-09T06:48:13.764Z] WebElementLocator - _handleLocateCommand - Element(s) NOT Found: GAVE UP. Search Stop Time: 1491720493715

  phantomjs://platform/console++.js:263 in error
[ERROR - 2017-04-09T06:48:14.591Z] WebElementLocator - _handleLocateCommand - Element(s) NOT Found: GAVE UP. Search Stop Time: 1491720494541

  phantomjs://platform/console++.js:263 in error
[ERROR - 2017-04-09T06:48:15.419Z] WebElementLocator - _handleLocateCommand - Element(s) NOT Found: GAVE UP. Search Stop Time: 1491720495364

  phantomjs://platform/console++.js:263 in error
[ERROR - 2017-04-09T06:48:16.260Z] WebElementLocator - _handleLocateCommand - Element(s) NOT Found: GAVE UP. Search Stop Time: 1491720496210

  phantomjs://platform/console++.js:263 in error
[ERROR - 2017-04-09T06:48:17.073Z] WebElementLocator - _handleLocateCommand - Element(s) NOT Found: GAVE UP. Search Stop Time: 1491720497027

  phantomjs://platform/console++.js:263 in error
[ERROR - 2017-04-09T06:48:17.898Z] WebElementLocator - _handleLocateCommand - Element(s) NOT Found: GAVE UP. Search Stop Time: 1491720497849

  phantomjs://platform/console++.js:263 in error
[ERROR - 2017-04-09T06:48:18.724Z] WebElementLocator - _handleLocateCommand - Element(s) NOT Found: GAVE UP. Search Stop Time: 1491720498679

  phantomjs://platform/console++.js:263 in error
[ERROR - 2017-04-09T06:48:19.569Z] WebElementLocator - _handleLocateCommand - Element(s) NOT Found: GAVE UP. Search Stop Time: 1491720499517

  phantomjs://platform/console++.js:263 in error
[ERROR - 2017-04-09T06:48:20.443Z] WebElementLocator - _handleLocateCommand - Element(s) NOT Found: GAVE UP. Search Stop Time: 1491720500390

  phantomjs://platform/console++.js:263 in error
[ERROR - 2017-04-09T06:48:21.301Z] WebElementLocator - _handleLocateCommand - Element(s) NOT Found: GAVE UP. Search Stop Time: 1491720501262

  phantomjs://platform/console++.js:263 in error
[ERROR - 2017-04-09T06:48:22.157Z] WebElementLocator - _handleLocateCommand - Element(s) NOT Found: GAVE UP. Search Stop Time: 1491720502108

  phantomjs://platform/console++.js:263 in error
[ERROR - 2017-04-09T06:48:23.015Z] WebElementLocator - _handleLocateCommand - Element(s) NOT Found: GAVE UP. Search Stop Time: 1491720502964

  phantomjs://platform/console++.js:263 in error
[ERROR - 2017-04-09T06:48:23.875Z] WebElementLocator - _handleLocateCommand - Element(s) NOT Found: GAVE UP. Search Stop Time: 1491720503819

  phantomjs://platform/console++.js:263 in error
[ERROR - 2017-04-09T06:48:24.750Z] WebElementLocator - _handleLocateCommand - Element(s) NOT Found: GAVE UP. Search Stop Time: 1491720504695

  phantomjs://platform/console++.js:263 in error
[ERROR - 2017-04-09T06:48:25.606Z] WebElementLocator - _handleLocateCommand - Element(s) NOT Found: GAVE UP. Search Stop Time: 1491720505550

  phantomjs://platform/console++.js:263 in error
[ERROR - 2017-04-09T06:48:26.464Z] WebElementLocator - _handleLocateCommand - Element(s) NOT Found: GAVE UP. Search Stop Time: 1491720506404

  phantomjs://platform/console++.js:263 in error
[ERROR - 2017-04-09T06:48:27.323Z] WebElementLocator - _handleLocateCommand - Element(s) NOT Found: GAVE UP. Search Stop Time: 1491720507271

  phantomjs://platform/console++.js:263 in error
[ERROR - 2017-04-09T06:48:28.182Z] WebElementLocator - _handleLocateCommand - Element(s) NOT Found: GAVE UP. Search Stop Time: 1491720508130

  phantomjs://platform/console++.js:263 in error
[ERROR - 2017-04-09T06:48:29.038Z] WebElementLocator - _handleLocateCommand - Element(s) NOT Found: GAVE UP. Search Stop Time: 1491720508980

  phantomjs://platform/console++.js:263 in error
[ERROR - 2017-04-09T06:48:29.897Z] WebElementLocator - _handleLocateCommand - Element(s) NOT Found: GAVE UP. Search Stop Time: 1491720509835

  phantomjs://platform/console++.js:263 in error
[ERROR - 2017-04-09T06:48:30.755Z] WebElementLocator - _handleLocateCommand - Element(s) NOT Found: GAVE UP. Search Stop Time: 1491720510702

  phantomjs://platform/console++.js:263 in error
[ERROR - 2017-04-09T06:48:31.615Z] WebElementLocator - _handleLocateCommand - Element(s) NOT Found: GAVE UP. Search Stop Time: 1491720511566

  phantomjs://platform/console++.js:263 in error
[ERROR - 2017-04-09T06:48:32.487Z] WebElementLocator - _handleLocateCommand - Element(s) NOT Found: GAVE UP. Search Stop Time: 1491720512426

  phantomjs://platform/console++.js:263 in error
[ERROR - 2017-04-09T06:48:33.377Z] WebElementLocator - _handleLocateCommand - Element(s) NOT Found: GAVE UP. Search Stop Time: 1491720513326

  phantomjs://platform/console++.js:263 in error
[ERROR - 2017-04-09T06:48:34.233Z] WebElementLocator - _handleLocateCommand - Element(s) NOT Found: GAVE UP. Search Stop Time: 1491720514186

  phantomjs://platform/console++.js:263 in error
[ERROR - 2017-04-09T06:48:35.091Z] WebElementLocator - _handleLocateCommand - Element(s) NOT Found: GAVE UP. Search Stop Time: 1491720515032

  phantomjs://platform/console++.js:263 in error
[ERROR - 2017-04-09T06:48:35.934Z] WebElementLocator - _handleLocateCommand - Element(s) NOT Found: GAVE UP. Search Stop Time: 1491720515884

  phantomjs://platform/console++.js:263 in error
[ERROR - 2017-04-09T06:48:36.779Z] WebElementLocator - _handleLocateCommand - Element(s) NOT Found: GAVE UP. Search Stop Time: 1491720516725

  phantomjs://platform/console++.js:263 in error
[ERROR - 2017-04-09T06:48:37.619Z] WebElementLocator - _handleLocateCommand - Element(s) NOT Found: GAVE UP. Search Stop Time: 1491720517565

  phantomjs://platform/console++.js:263 in error
[ERROR - 2017-04-09T06:48:38.446Z] WebElementLocator - _handleLocateCommand - Element(s) NOT Found: GAVE UP. Search Stop Time: 1491720518413

  phantomjs://platform/console++.js:263 in error
[ERROR - 2017-04-09T06:48:39.305Z] WebElementLocator - _handleLocateCommand - Element(s) NOT Found: GAVE UP. Search Stop Time: 1491720519248

  phantomjs://platform/console++.js:263 in error
[ERROR - 2017-04-09T06:48:40.162Z] WebElementLocator - _handleLocateCommand - Element(s) NOT Found: GAVE UP. Search Stop Time: 1491720520116

  phantomjs://platform/console++.js:263 in error
[ERROR - 2017-04-09T06:48:41.021Z] WebElementLocator - _handleLocateCommand - Element(s) NOT Found: GAVE UP. Search Stop Time: 1491720520973

  phantomjs://platform/console++.js:263 in error
[ERROR - 2017-04-09T06:48:41.863Z] WebElementLocator - _handleLocateCommand - Element(s) NOT Found: GAVE UP. Search Stop Time: 1491720521816

  phantomjs://platform/console++.js:263 in error
[ERROR - 2017-04-09T06:48:42.734Z] WebElementLocator - _handleLocateCommand - Element(s) NOT Found: GAVE UP. Search Stop Time: 1491720522690

  phantomjs://platform/console++.js:263 in error
[ERROR - 2017-04-09T06:48:43.531Z] WebElementLocator - _handleLocateCommand - Element(s) NOT Found: GAVE UP. Search Stop Time: 1491720523503

  phantomjs://platform/console++.js:263 in error
